c:\users\sony\desktop\sampleopenglproject\debug\vc140.pdb
c:\users\sony\desktop\sampleopenglproject\sampleopenglproject\debug\vc140.pdb
c:\users\sony\desktop\sampleopenglproject\sampleopenglproject\debug\vc140.ıdb
c:\users\sony\desktop\sampleopenglproject\sampleopenglproject\debug\ınıtshader.obj
c:\users\sony\desktop\sampleopenglproject\sampleopenglproject\debug\source.obj
c:\users\sony\desktop\debug\sampleopenglproject.ılk
c:\users\sony\desktop\debug\sampleopenglproject.exe
c:\users\sony\desktop\debug\sampleopenglproject.pdb
c:\users\sony\desktop\sampleopenglproject\debug\sampleopenglproject.ılk
c:\users\sony\desktop\sampleopenglproject\debug\sampleopenglproject.exe
c:\users\sony\desktop\sampleopenglproject\debug\sampleopenglproject.pdb
c:\users\sony\desktop\sampleopenglproject\sampleopenglproject\debug\ınitshader.obj
c:\users\sony\desktop\sampleopenglproject\sampleopenglproject\debug\vc140.idb
c:\users\sony\desktop\sampleopenglproject\debug\sampleopenglproject.ilk
c:\users\sony\desktop\sampleopenglproject\sampleopenglproject\debug\sampleop.c4ab5d61.tlog\cl.command.1.tlog
c:\users\sony\desktop\sampleopenglproject\sampleopenglproject\debug\sampleop.c4ab5d61.tlog\cl.read.1.tlog
c:\users\sony\desktop\sampleopenglproject\sampleopenglproject\debug\sampleop.c4ab5d61.tlog\cl.write.1.tlog
c:\users\sony\desktop\sampleopenglproject\sampleopenglproject\debug\sampleop.c4ab5d61.tlog\link.command.1.tlog
c:\users\sony\desktop\sampleopenglproject\sampleopenglproject\debug\sampleop.c4ab5d61.tlog\link.read.1.tlog
c:\users\sony\desktop\sampleopenglproject\sampleopenglproject\debug\sampleop.c4ab5d61.tlog\link.write.1.tlog
